LOG:  database system was shut down at 2017-06-07 12:53:17 EDT
LOG:  MultiXact member wraparound protections are now enabled
LOG:  autovacuum launcher started
LOG:  database system is ready to accept connections
FATAL:  role "yoogchu" does not exist
ERROR:  syntax error at or near "view" at character 1
STATEMENT:  view tables
	;
ERROR:  syntax error at or near "db" at character 1
STATEMENT:  db
	;
ERROR:  syntax error at or near "db" at character 1
STATEMENT:  db;
ERROR:  syntax error at or near "*" at character 15
STATEMENT:  DROP DATABASE *;
ERROR:  syntax error at or near "'*'" at character 15
STATEMENT:  DROP DATABASE '*';
ERROR:  cannot drop the currently open database
STATEMENT:  DROP DATABASE postgres;
ERROR:  cannot drop a template database
STATEMENT:  DROP DATABASE template1;
FATAL:  database "yoogchu" does not exist
FATAL:  database "users" does not exist
